<?xml version="1.0" encoding="UTF-8"?>
<testsuite name="webTests.seleniumSimples" tests="2" skipped="0" failures="0" errors="0" timestamp="2023-05-03T01:07:50" hostname="DESKTOP-E5F9T2G" time="10.08">
  <properties/>
  <testcase name="consultarPython" classname="webTests.seleniumSimples" time="4.01"/>
  <testcase name="consultarJava" classname="webTests.seleniumSimples" time="3.788"/>
  <system-out><![CDATA[]]></system-out>
  <system-err><![CDATA[Starting ChromeDriver 112.0.5615.49 (bd2a7bcb881c11e8cfe3078709382934e3916914-refs/branch-heads/5615@{#936}) on port 26807
Only local connections are allowed.
Please see https://chromedriver.chromium.org/security-considerations for suggestions on keeping ChromeDriver safe.
ChromeDriver was started successfully.
mai 02, 2023 10:07:50 PM org.openqa.selenium.remote.ProtocolHandshake createSession
INFORMAÇÕES: Detected dialect: W3C
Starting ChromeDriver 112.0.5615.49 (bd2a7bcb881c11e8cfe3078709382934e3916914-refs/branch-heads/5615@{#936}) on port 9997
Only local connections are allowed.
Please see https://chromedriver.chromium.org/security-considerations for suggestions on keeping ChromeDriver safe.
ChromeDriver was started successfully.
mai 02, 2023 10:07:56 PM org.openqa.selenium.remote.ProtocolHandshake createSession
INFORMAÇÕES: Detected dialect: W3C
]]></system-err>
</testsuite>
