<?xml version="1.0" encoding="UTF-8"?>
<testsuite name="apiTest.Pet" tests="4" skipped="0" failures="0" errors="0" timestamp="2023-01-24T00:45:41" hostname="VITORGD" time="7.167">
  <properties/>
  <testcase name="incluirPet" classname="apiTest.Pet" time="4.357"/>
  <testcase name="consultarPet" classname="apiTest.Pet" time="0.956"/>
  <testcase name="alterarPet" classname="apiTest.Pet" time="0.915"/>
  <testcase name="deletarPet" classname="apiTest.Pet" time="0.93"/>
  <system-out><![CDATA[Request method:	POST
Request URI:	https://petstore.swagger.io/v2/pet
Proxy:			<none>
Request params:	<none>
Query params:	<none>
Form params:	<none>
Path params:	<none>
Headers:		Accept=*/*
				Content-Type=application/json; charset=UTF-8
Cookies:		<none>
Multiparts:		<none>
Body:
{
    "id": 1008,
    "category": {
        "id": 1,
        "name": "dog"
    },
    "name": "Snoopas",
    "photoUrls": [
        "string"
    ],
    "tags": [
        {
            "id": 3,
            "name": "animal vermifugado na primeira semana"
        },
        {
            "id": 4,
            "name": "vacinado na segunda semana"
        }
    ],
    "status": "available"
}
HTTP/1.1 200 OK
Date: Tue, 24 Jan 2023 00:45:47 GMT
Content-Type: application/json
Transfer-Encoding: chunked
Connection: keep-alive
Access-Control-Allow-Origin: *
Access-Control-Allow-Methods: GET, POST, DELETE, PUT
Access-Control-Allow-Headers: Content-Type, api_key, Authorization
Server: Jetty(9.2.9.v20150224)

{
    "id": 1008,
    "category": {
        "id": 1,
        "name": "dog"
    },
    "name": "Snoopas",
    "photoUrls": [
        "string"
    ],
    "tags": [
        {
            "id": 3,
            "name": "animal vermifugado na primeira semana"
        },
        {
            "id": 4,
            "name": "vacinado na segunda semana"
        }
    ],
    "status": "available"
}
Request method:	GET
Request URI:	https://petstore.swagger.io/v2/pet/1008
Proxy:			<none>
Request params:	<none>
Query params:	<none>
Form params:	<none>
Path params:	<none>
Headers:		Accept=*/*
				Content-Type=application/json; charset=UTF-8
Cookies:		<none>
Multiparts:		<none>
Body:			<none>
HTTP/1.1 200 OK
Date: Tue, 24 Jan 2023 00:45:49 GMT
Content-Type: application/json
Transfer-Encoding: chunked
Connection: keep-alive
Access-Control-Allow-Origin: *
Access-Control-Allow-Methods: GET, POST, DELETE, PUT
Access-Control-Allow-Headers: Content-Type, api_key, Authorization
Server: Jetty(9.2.9.v20150224)

{
    "id": 1008,
    "category": {
        "id": 1,
        "name": "dog"
    },
    "name": "Snoopas",
    "photoUrls": [
        "string"
    ],
    "tags": [
        {
            "id": 3,
            "name": "animal vermifugado na primeira semana"
        },
        {
            "id": 4,
            "name": "vacinado na segunda semana"
        }
    ],
    "status": "available"
}
Request method:	PUT
Request URI:	https://petstore.swagger.io/v2/pet
Proxy:			<none>
Request params:	<none>
Query params:	<none>
Form params:	<none>
Path params:	<none>
Headers:		Accept=*/*
				Content-Type=application/json; charset=UTF-8
Cookies:		<none>
Multiparts:		<none>
Body:
{
    "id": 1008,
    "category": {
        "id": 1,
        "name": "dog"
    },
    "name": "Snoopas",
    "photoUrls": [
        "string"
    ],
    "tags": [
        {
            "id": 3,
            "name": "animal vermifugado na primeira semana"
        },
        {
            "id": 4,
            "name": "vacinado na segunda semana"
        }
    ],
    "status": "sold"
}
HTTP/1.1 200 OK
Date: Tue, 24 Jan 2023 00:45:50 GMT
Content-Type: application/json
Transfer-Encoding: chunked
Connection: keep-alive
Access-Control-Allow-Origin: *
Access-Control-Allow-Methods: GET, POST, DELETE, PUT
Access-Control-Allow-Headers: Content-Type, api_key, Authorization
Server: Jetty(9.2.9.v20150224)

{
    "id": 1008,
    "category": {
        "id": 1,
        "name": "dog"
    },
    "name": "Snoopas",
    "photoUrls": [
        "string"
    ],
    "tags": [
        {
            "id": 3,
            "name": "animal vermifugado na primeira semana"
        },
        {
            "id": 4,
            "name": "vacinado na segunda semana"
        }
    ],
    "status": "sold"
}
Request method:	DELETE
Request URI:	https://petstore.swagger.io/v2/pet/1008
Proxy:			<none>
Request params:	<none>
Query params:	<none>
Form params:	<none>
Path params:	<none>
Headers:		Accept=*/*
				Content-Type=application/json; charset=UTF-8
Cookies:		<none>
Multiparts:		<none>
Body:			<none>
HTTP/1.1 200 OK
Date: Tue, 24 Jan 2023 00:45:51 GMT
Content-Type: application/json
Transfer-Encoding: chunked
Connection: keep-alive
Access-Control-Allow-Origin: *
Access-Control-Allow-Methods: GET, POST, DELETE, PUT
Access-Control-Allow-Headers: Content-Type, api_key, Authorization
Server: Jetty(9.2.9.v20150224)

{
    "code": 200,
    "type": "unknown",
    "message": "1008"
}
]]></system-out>
  <system-err><![CDATA[]]></system-err>
</testsuite>
