<?xml version="1.0" encoding="UTF-8"?>
<testsuite name="apiTest.Store" tests="1" skipped="0" failures="0" errors="0" timestamp="2023-01-24T22:02:39" hostname="VITORGD" time="3.408">
  <properties/>
  <testcase name="incluirOrder" classname="apiTest.Store" time="3.408"/>
  <system-out><![CDATA[Request method:	POST
Request URI:	https://petstore.swagger.io/v2/store/order
Proxy:			<none>
Request params:	<none>
Query params:	<none>
Form params:	<none>
Path params:	<none>
Headers:		Accept=*/*
				Content-Type=application/json; charset=UTF-8
Cookies:		<none>
Multiparts:		<none>
Body:
{
    "id": 10001,
    "petId": 1008,
    "quantity": 1,
    "shipDate": "2023-01-24T21:46:43.908Z",
    "status": "placed",
    "complete": true
}
HTTP/1.1 200 OK
Date: Tue, 24 Jan 2023 22:02:42 GMT
Content-Type: application/json
Transfer-Encoding: chunked
Connection: keep-alive
Access-Control-Allow-Origin: *
Access-Control-Allow-Methods: GET, POST, DELETE, PUT
Access-Control-Allow-Headers: Content-Type, api_key, Authorization
Server: Jetty(9.2.9.v20150224)

{
    "id": 10001,
    "petId": 1008,
    "quantity": 1,
    "shipDate": "2023-01-24T21:46:43.908+0000",
    "status": "placed",
    "complete": true
}
]]></system-out>
  <system-err><![CDATA[]]></system-err>
</testsuite>
